2024-12-17 23:30:51,067 - INFO - Inicio del procesamiento del archivo...
2024-12-17 23:30:51,068 - ERROR - Error durante el procesamiento: [Errno 2] No such file or directory: 'raw_data/OFEI1204.txt'
2024-12-17 23:31:55,722 - INFO - Inicio del procesamiento del archivo...
2024-12-17 23:31:55,724 - INFO - Archivo leído exitosamente con utf-8: ../raw_data/OFEI1204.txt
2024-12-17 23:31:55,729 - INFO - Agente encontrado: AES CHIVOR
2024-12-17 23:31:55,729 - INFO - Agente encontrado: AXIA ENERGIA
2024-12-17 23:31:55,729 - INFO - Agente encontrado: BIOGAS DOÑA JUANA
2024-12-17 23:31:55,730 - INFO - Agente encontrado: C.T. EL MORRO 2
2024-12-17 23:31:55,731 - INFO - Agente encontrado: CASCADA
2024-12-17 23:31:55,732 - INFO - Agente encontrado: CCG ENERGY SAS ESP
2024-12-17 23:31:55,732 - INFO - Agente encontrado: CEDENAR
2024-12-17 23:31:55,732 - INFO - Agente encontrado: CELSIA
2024-12-17 23:31:55,732 - INFO - Agente encontrado: CEMEX ENERGY
2024-12-17 23:31:55,733 - INFO - Agente encontrado: CETSA(TULUA)
2024-12-17 23:31:55,733 - INFO - Agente encontrado: CH EL EDEN
2024-12-17 23:31:55,733 - INFO - Agente encontrado: CHC S.A.S. E.S.P.
2024-12-17 23:31:55,733 - INFO - Agente encontrado: DICELER
2024-12-17 23:31:55,733 - INFO - Agente encontrado: EEP(PEREIRA)
2024-12-17 23:31:55,734 - INFO - Agente encontrado: EEPPM
2024-12-17 23:31:55,735 - INFO - Agente encontrado: ELECTROHUILA
2024-12-17 23:31:55,735 - INFO - Agente encontrado: EMEE(POPAYAN)
2024-12-17 23:31:55,736 - INFO - Agente encontrado: EMGESA S.A.
2024-12-17 23:31:55,737 - INFO - Agente encontrado: EMSA(META)
2024-12-17 23:31:55,737 - INFO - Agente encontrado: ENERCO
2024-12-17 23:31:55,737 - INFO - Agente encontrado: ENERGETICA
2024-12-17 23:31:55,737 - INFO - Agente encontrado: ENERGIA RIO PIEDRAS
2024-12-17 23:31:55,738 - INFO - Agente encontrado: ENREVSA E.S.P.
2024-12-17 23:31:55,738 - INFO - Agente encontrado: EPSA(PACIFICO)
2024-12-17 23:31:55,739 - INFO - Agente encontrado: ESSA(SANTANDER)
2024-12-17 23:31:55,739 - INFO - Agente encontrado: GEC S.A. E.S.P.
2024-12-17 23:31:55,739 - INFO - Agente encontrado: GECELCA S.A. E.S.P
2024-12-17 23:31:55,739 - INFO - Agente encontrado: GENERADORA LUZMA
2024-12-17 23:31:55,740 - INFO - Agente encontrado: GENERAMOS ENERGIA
2024-12-17 23:31:55,740 - INFO - Agente encontrado: GENERPUTUMAYO
2024-12-17 23:31:55,740 - INFO - Agente encontrado: GENERSA
2024-12-17 23:31:55,740 - INFO - Agente encontrado: GENSA
2024-12-17 23:31:55,741 - INFO - Agente encontrado: HZ ENERGY
2024-12-17 23:31:55,741 - INFO - Agente encontrado: IAC ENERGY
2024-12-17 23:31:55,741 - INFO - Agente encontrado: ISAGEN
2024-12-17 23:31:55,742 - INFO - Agente encontrado: MULCALARCA
2024-12-17 23:31:55,742 - INFO - Agente encontrado: PCH ALEJANDRÍA
2024-12-17 23:31:55,742 - INFO - Agente encontrado: PROELECTRICA
2024-12-17 23:31:55,742 - INFO - Agente encontrado: PROENCA
2024-12-17 23:31:55,743 - INFO - Agente encontrado: RIOEN SAS  E.S.P.
2024-12-17 23:31:55,743 - INFO - Agente encontrado: RISARALDA ENERGIA
2024-12-17 23:31:55,743 - INFO - Agente encontrado: SURENERGY
2024-12-17 23:31:55,743 - INFO - Agente encontrado: TEBSA S.A. (E.S.P.)
2024-12-17 23:31:55,744 - INFO - Agente encontrado: TERMO MECHERO
2024-12-17 23:31:55,744 - INFO - Agente encontrado: TERMOCANDELARIA
2024-12-17 23:31:55,744 - INFO - Agente encontrado: TERMOEMCALI
2024-12-17 23:31:55,744 - INFO - Agente encontrado: TERMOPIEDRAS S.A.
2024-12-17 23:31:55,745 - INFO - Agente encontrado: TERMOTASAJERO
2024-12-17 23:31:55,745 - INFO - Agente encontrado: TERMOTASAJERO DOS
2024-12-17 23:31:55,745 - INFO - Agente encontrado: TERMOVALLE
2024-12-17 23:31:55,746 - INFO - Agente encontrado: TERMOYOPAL
2024-12-17 23:31:55,746 - INFO - Agente encontrado: URRA
2024-12-17 23:31:55,746 - INFO - Agente encontrado: VATIA S.A.
2024-12-17 23:31:55,747 - INFO - Agente encontrado: ZF CELSIA
2024-12-17 23:31:55,747 - INFO - Total de registros procesados: 305
2024-12-17 23:31:55,785 - INFO - Datos procesados guardados en: processed_data/punto_1_data.csv
2024-12-17 23:31:55,785 - INFO - Datos procesados guardados en: processed_data/punto_1_data.csv
2024-12-17 23:34:03,795 - INFO - Inicio del procesamiento del archivo...
2024-12-17 23:34:03,799 - INFO - Archivo leído exitosamente con utf-8: ../raw_data/OFEI1204.txt
2024-12-17 23:34:03,805 - INFO - Agente encontrado: AES CHIVOR
2024-12-17 23:34:03,805 - INFO - Agente encontrado: AXIA ENERGIA
2024-12-17 23:34:03,805 - INFO - Agente encontrado: BIOGAS DOÑA JUANA
2024-12-17 23:34:03,806 - INFO - Agente encontrado: C.T. EL MORRO 2
2024-12-17 23:34:03,806 - INFO - Agente encontrado: CASCADA
2024-12-17 23:34:03,806 - INFO - Agente encontrado: CCG ENERGY SAS ESP
2024-12-17 23:34:03,806 - INFO - Agente encontrado: CEDENAR
2024-12-17 23:34:03,807 - INFO - Agente encontrado: CELSIA
2024-12-17 23:34:03,808 - INFO - Agente encontrado: CEMEX ENERGY
2024-12-17 23:34:03,809 - INFO - Agente encontrado: CETSA(TULUA)
2024-12-17 23:34:03,809 - INFO - Agente encontrado: CH EL EDEN
2024-12-17 23:34:03,810 - INFO - Agente encontrado: CHC S.A.S. E.S.P.
2024-12-17 23:34:03,810 - INFO - Agente encontrado: DICELER
2024-12-17 23:34:03,810 - INFO - Agente encontrado: EEP(PEREIRA)
2024-12-17 23:34:03,811 - INFO - Agente encontrado: EEPPM
2024-12-17 23:34:03,812 - INFO - Agente encontrado: ELECTROHUILA
2024-12-17 23:34:03,812 - INFO - Agente encontrado: EMEE(POPAYAN)
2024-12-17 23:34:03,813 - INFO - Agente encontrado: EMGESA S.A.
2024-12-17 23:34:03,813 - INFO - Agente encontrado: EMSA(META)
2024-12-17 23:34:03,814 - INFO - Agente encontrado: ENERCO
2024-12-17 23:34:03,814 - INFO - Agente encontrado: ENERGETICA
2024-12-17 23:34:03,814 - INFO - Agente encontrado: ENERGIA RIO PIEDRAS
2024-12-17 23:34:03,815 - INFO - Agente encontrado: ENREVSA E.S.P.
2024-12-17 23:34:03,815 - INFO - Agente encontrado: EPSA(PACIFICO)
2024-12-17 23:34:03,815 - INFO - Agente encontrado: ESSA(SANTANDER)
2024-12-17 23:34:03,816 - INFO - Agente encontrado: GEC S.A. E.S.P.
2024-12-17 23:34:03,816 - INFO - Agente encontrado: GECELCA S.A. E.S.P
2024-12-17 23:34:03,816 - INFO - Agente encontrado: GENERADORA LUZMA
2024-12-17 23:34:03,817 - INFO - Agente encontrado: GENERAMOS ENERGIA
2024-12-17 23:34:03,817 - INFO - Agente encontrado: GENERPUTUMAYO
2024-12-17 23:34:03,817 - INFO - Agente encontrado: GENERSA
2024-12-17 23:34:03,817 - INFO - Agente encontrado: GENSA
2024-12-17 23:34:03,818 - INFO - Agente encontrado: HZ ENERGY
2024-12-17 23:34:03,818 - INFO - Agente encontrado: IAC ENERGY
2024-12-17 23:34:03,818 - INFO - Agente encontrado: ISAGEN
2024-12-17 23:34:03,819 - INFO - Agente encontrado: MULCALARCA
2024-12-17 23:34:03,819 - INFO - Agente encontrado: PCH ALEJANDRÍA
2024-12-17 23:34:03,819 - INFO - Agente encontrado: PROELECTRICA
2024-12-17 23:34:03,820 - INFO - Agente encontrado: PROENCA
2024-12-17 23:34:03,820 - INFO - Agente encontrado: RIOEN SAS  E.S.P.
2024-12-17 23:34:03,820 - INFO - Agente encontrado: RISARALDA ENERGIA
2024-12-17 23:34:03,820 - INFO - Agente encontrado: SURENERGY
2024-12-17 23:34:03,821 - INFO - Agente encontrado: TEBSA S.A. (E.S.P.)
2024-12-17 23:34:03,821 - INFO - Agente encontrado: TERMO MECHERO
2024-12-17 23:34:03,821 - INFO - Agente encontrado: TERMOCANDELARIA
2024-12-17 23:34:03,821 - INFO - Agente encontrado: TERMOEMCALI
2024-12-17 23:34:03,822 - INFO - Agente encontrado: TERMOPIEDRAS S.A.
2024-12-17 23:34:03,822 - INFO - Agente encontrado: TERMOTASAJERO
2024-12-17 23:34:03,822 - INFO - Agente encontrado: TERMOTASAJERO DOS
2024-12-17 23:34:03,823 - INFO - Agente encontrado: TERMOVALLE
2024-12-17 23:34:03,823 - INFO - Agente encontrado: TERMOYOPAL
2024-12-17 23:34:03,825 - INFO - Agente encontrado: URRA
2024-12-17 23:34:03,826 - INFO - Agente encontrado: VATIA S.A.
2024-12-17 23:34:03,827 - INFO - Agente encontrado: ZF CELSIA
2024-12-17 23:34:03,827 - INFO - Total de registros procesados: 305
2024-12-17 23:34:03,849 - INFO - Datos procesados guardados en: ../processed_data/punto_1_data.csv
2024-12-17 23:34:03,849 - INFO - Datos procesados guardados en: ../processed_data/punto_1_data.csv
2024-12-17 23:59:43,133 - INFO - Inicio del procesamiento del archivo...
2024-12-17 23:59:43,134 - ERROR - Error durante el procesamiento: [Errno 2] No such file or directory: 'raw_data/OFEI1204.txt'
2024-12-18 00:01:29,651 - INFO - Inicio del procesamiento del archivo...
2024-12-18 00:01:29,653 - INFO - Archivo leído exitosamente con utf-8: ../raw_data/OFEI1204.txt
2024-12-18 00:01:29,656 - INFO - Agente encontrado: AES CHIVOR
2024-12-18 00:01:29,657 - INFO - Agente encontrado: AXIA ENERGIA
2024-12-18 00:01:29,657 - INFO - Agente encontrado: BIOGAS DOÑA JUANA
2024-12-18 00:01:29,657 - INFO - Agente encontrado: C.T. EL MORRO 2
2024-12-18 00:01:29,658 - INFO - Agente encontrado: CASCADA
2024-12-18 00:01:29,658 - INFO - Agente encontrado: CCG ENERGY SAS ESP
2024-12-18 00:01:29,658 - INFO - Agente encontrado: CEDENAR
2024-12-18 00:01:29,658 - INFO - Agente encontrado: CELSIA
2024-12-18 00:01:29,659 - INFO - Agente encontrado: CEMEX ENERGY
2024-12-18 00:01:29,659 - INFO - Agente encontrado: CETSA(TULUA)
2024-12-18 00:01:29,659 - INFO - Agente encontrado: CH EL EDEN
2024-12-18 00:01:29,659 - INFO - Agente encontrado: CHC S.A.S. E.S.P.
2024-12-18 00:01:29,660 - INFO - Agente encontrado: DICELER
2024-12-18 00:01:29,660 - INFO - Agente encontrado: EEP(PEREIRA)
2024-12-18 00:01:29,660 - INFO - Agente encontrado: EEPPM
2024-12-18 00:01:29,661 - INFO - Agente encontrado: ELECTROHUILA
2024-12-18 00:01:29,661 - INFO - Agente encontrado: EMEE(POPAYAN)
2024-12-18 00:01:29,661 - INFO - Agente encontrado: EMGESA S.A.
2024-12-18 00:01:29,662 - INFO - Agente encontrado: EMSA(META)
2024-12-18 00:01:29,662 - INFO - Agente encontrado: ENERCO
2024-12-18 00:01:29,662 - INFO - Agente encontrado: ENERGETICA
2024-12-18 00:01:29,662 - INFO - Agente encontrado: ENERGIA RIO PIEDRAS
2024-12-18 00:01:29,663 - INFO - Agente encontrado: ENREVSA E.S.P.
2024-12-18 00:01:29,663 - INFO - Agente encontrado: EPSA(PACIFICO)
2024-12-18 00:01:29,663 - INFO - Agente encontrado: ESSA(SANTANDER)
2024-12-18 00:01:29,663 - INFO - Agente encontrado: GEC S.A. E.S.P.
2024-12-18 00:01:29,664 - INFO - Agente encontrado: GECELCA S.A. E.S.P
2024-12-18 00:01:29,664 - INFO - Agente encontrado: GENERADORA LUZMA
2024-12-18 00:01:29,664 - INFO - Agente encontrado: GENERAMOS ENERGIA
2024-12-18 00:01:29,664 - INFO - Agente encontrado: GENERPUTUMAYO
2024-12-18 00:01:29,664 - INFO - Agente encontrado: GENERSA
2024-12-18 00:01:29,665 - INFO - Agente encontrado: GENSA
2024-12-18 00:01:29,665 - INFO - Agente encontrado: HZ ENERGY
2024-12-18 00:01:29,665 - INFO - Agente encontrado: IAC ENERGY
2024-12-18 00:01:29,665 - INFO - Agente encontrado: ISAGEN
2024-12-18 00:01:29,666 - INFO - Agente encontrado: MULCALARCA
2024-12-18 00:01:29,666 - INFO - Agente encontrado: PCH ALEJANDRÍA
2024-12-18 00:01:29,666 - INFO - Agente encontrado: PROELECTRICA
2024-12-18 00:01:29,666 - INFO - Agente encontrado: PROENCA
2024-12-18 00:01:29,667 - INFO - Agente encontrado: RIOEN SAS  E.S.P.
2024-12-18 00:01:29,667 - INFO - Agente encontrado: RISARALDA ENERGIA
2024-12-18 00:01:29,667 - INFO - Agente encontrado: SURENERGY
2024-12-18 00:01:29,667 - INFO - Agente encontrado: TEBSA S.A. (E.S.P.)
2024-12-18 00:01:29,668 - INFO - Agente encontrado: TERMO MECHERO
2024-12-18 00:01:29,668 - INFO - Agente encontrado: TERMOCANDELARIA
2024-12-18 00:01:29,668 - INFO - Agente encontrado: TERMOEMCALI
2024-12-18 00:01:29,669 - INFO - Agente encontrado: TERMOPIEDRAS S.A.
2024-12-18 00:01:29,669 - INFO - Agente encontrado: TERMOTASAJERO
2024-12-18 00:01:29,669 - INFO - Agente encontrado: TERMOTASAJERO DOS
2024-12-18 00:01:29,670 - INFO - Agente encontrado: TERMOVALLE
2024-12-18 00:01:29,670 - INFO - Agente encontrado: TERMOYOPAL
2024-12-18 00:01:29,670 - INFO - Agente encontrado: URRA
2024-12-18 00:01:29,671 - INFO - Agente encontrado: VATIA S.A.
2024-12-18 00:01:29,671 - INFO - Agente encontrado: ZF CELSIA
2024-12-18 00:01:29,671 - INFO - Total de registros procesados: 305
2024-12-18 00:01:29,822 - INFO - Datos procesados guardados en: ../processed_data/punto_1_data.parquet
2024-12-18 00:01:29,824 - INFO - Leyendo datos desde el archivo Parquet: ../processed_data/punto_1_data.parquet
2024-12-18 00:01:29,895 - INFO - Estructurando datos para la base de datos con columnas: ['agent', 'name', 'type', 'HORA_1', 'HORA_2', 'HORA_3', 'HORA_4', 'HORA_5', 'HORA_6', 'HORA_7', 'HORA_8', 'HORA_9', 'HORA_10', 'HORA_11', 'HORA_12', 'HORA_13', 'HORA_14', 'HORA_15', 'HORA_16', 'HORA_17', 'HORA_18', 'HORA_19', 'HORA_20', 'HORA_21', 'HORA_22', 'HORA_23', 'HORA_24']
2024-12-18 00:01:29,899 - INFO - Datos estructurados para la base de datos. Total registros: 305
2024-12-18 00:24:38,673 - INFO - Inicio del procesamiento del archivo...
2024-12-18 00:24:38,675 - INFO - Archivo leído exitosamente con utf-8: ../raw_data/OFEI1204.txt
2024-12-18 00:24:38,678 - INFO - Agente encontrado: AES CHIVOR
2024-12-18 00:24:38,678 - INFO - Agente encontrado: AXIA ENERGIA
2024-12-18 00:24:38,678 - INFO - Agente encontrado: BIOGAS DOÑA JUANA
2024-12-18 00:24:38,678 - INFO - Agente encontrado: C.T. EL MORRO 2
2024-12-18 00:24:38,679 - INFO - Agente encontrado: CASCADA
2024-12-18 00:24:38,679 - INFO - Agente encontrado: CCG ENERGY SAS ESP
2024-12-18 00:24:38,679 - INFO - Agente encontrado: CEDENAR
2024-12-18 00:24:38,679 - INFO - Agente encontrado: CELSIA
2024-12-18 00:24:38,679 - INFO - Agente encontrado: CEMEX ENERGY
2024-12-18 00:24:38,680 - INFO - Agente encontrado: CETSA(TULUA)
2024-12-18 00:24:38,680 - INFO - Agente encontrado: CH EL EDEN
2024-12-18 00:24:38,680 - INFO - Agente encontrado: CHC S.A.S. E.S.P.
2024-12-18 00:24:38,680 - INFO - Agente encontrado: DICELER
2024-12-18 00:24:38,680 - INFO - Agente encontrado: EEP(PEREIRA)
2024-12-18 00:24:38,681 - INFO - Agente encontrado: EEPPM
2024-12-18 00:24:38,681 - INFO - Agente encontrado: ELECTROHUILA
2024-12-18 00:24:38,681 - INFO - Agente encontrado: EMEE(POPAYAN)
2024-12-18 00:24:38,681 - INFO - Agente encontrado: EMGESA S.A.
2024-12-18 00:24:38,682 - INFO - Agente encontrado: EMSA(META)
2024-12-18 00:24:38,682 - INFO - Agente encontrado: ENERCO
2024-12-18 00:24:38,682 - INFO - Agente encontrado: ENERGETICA
2024-12-18 00:24:38,682 - INFO - Agente encontrado: ENERGIA RIO PIEDRAS
2024-12-18 00:24:38,683 - INFO - Agente encontrado: ENREVSA E.S.P.
2024-12-18 00:24:38,683 - INFO - Agente encontrado: EPSA(PACIFICO)
2024-12-18 00:24:38,683 - INFO - Agente encontrado: ESSA(SANTANDER)
2024-12-18 00:24:38,683 - INFO - Agente encontrado: GEC S.A. E.S.P.
2024-12-18 00:24:38,683 - INFO - Agente encontrado: GECELCA S.A. E.S.P
2024-12-18 00:24:38,684 - INFO - Agente encontrado: GENERADORA LUZMA
2024-12-18 00:24:38,684 - INFO - Agente encontrado: GENERAMOS ENERGIA
2024-12-18 00:24:38,684 - INFO - Agente encontrado: GENERPUTUMAYO
2024-12-18 00:24:38,684 - INFO - Agente encontrado: GENERSA
2024-12-18 00:24:38,684 - INFO - Agente encontrado: GENSA
2024-12-18 00:24:38,684 - INFO - Agente encontrado: HZ ENERGY
2024-12-18 00:24:38,685 - INFO - Agente encontrado: IAC ENERGY
2024-12-18 00:24:38,685 - INFO - Agente encontrado: ISAGEN
2024-12-18 00:24:38,685 - INFO - Agente encontrado: MULCALARCA
2024-12-18 00:24:38,685 - INFO - Agente encontrado: PCH ALEJANDRÍA
2024-12-18 00:24:38,685 - INFO - Agente encontrado: PROELECTRICA
2024-12-18 00:24:38,686 - INFO - Agente encontrado: PROENCA
2024-12-18 00:24:38,686 - INFO - Agente encontrado: RIOEN SAS  E.S.P.
2024-12-18 00:24:38,686 - INFO - Agente encontrado: RISARALDA ENERGIA
2024-12-18 00:24:38,686 - INFO - Agente encontrado: SURENERGY
2024-12-18 00:24:38,686 - INFO - Agente encontrado: TEBSA S.A. (E.S.P.)
2024-12-18 00:24:38,686 - INFO - Agente encontrado: TERMO MECHERO
2024-12-18 00:24:38,687 - INFO - Agente encontrado: TERMOCANDELARIA
2024-12-18 00:24:38,687 - INFO - Agente encontrado: TERMOEMCALI
2024-12-18 00:24:38,687 - INFO - Agente encontrado: TERMOPIEDRAS S.A.
2024-12-18 00:24:38,687 - INFO - Agente encontrado: TERMOTASAJERO
2024-12-18 00:24:38,687 - INFO - Agente encontrado: TERMOTASAJERO DOS
2024-12-18 00:24:38,688 - INFO - Agente encontrado: TERMOVALLE
2024-12-18 00:24:38,688 - INFO - Agente encontrado: TERMOYOPAL
2024-12-18 00:24:38,688 - INFO - Agente encontrado: URRA
2024-12-18 00:24:38,688 - INFO - Agente encontrado: VATIA S.A.
2024-12-18 00:24:38,688 - INFO - Agente encontrado: ZF CELSIA
2024-12-18 00:24:38,689 - INFO - Total de registros procesados: 305
2024-12-18 00:24:38,735 - INFO - Datos procesados guardados en: ../processed_data/punto_1_data.parquet
2024-12-18 00:24:38,736 - INFO - Leyendo datos desde el archivo Parquet: ../processed_data/punto_1_data.parquet
2024-12-18 00:24:38,756 - INFO - Estructurando datos para la base de datos con columnas: ['agent', 'name', 'type', 'HORA_1', 'HORA_2', 'HORA_3', 'HORA_4', 'HORA_5', 'HORA_6', 'HORA_7', 'HORA_8', 'HORA_9', 'HORA_10', 'HORA_11', 'HORA_12', 'HORA_13', 'HORA_14', 'HORA_15', 'HORA_16', 'HORA_17', 'HORA_18', 'HORA_19', 'HORA_20', 'HORA_21', 'HORA_22', 'HORA_23', 'HORA_24']
2024-12-18 00:24:38,772 - INFO - Conectado a la base de datos: ../database/ofertas.db
2024-12-18 00:24:38,797 - INFO - Tabla `ofertas` creada exitosamente.
2024-12-18 00:24:38,817 - INFO - 305 registros insertados en la tabla `ofertas`.
2024-12-18 00:24:38,845 - INFO - Tabla exportada a CSV: ../processed_data/ofertas_table.csv
2024-12-18 00:24:38,845 - INFO - Datos estructurados para la base de datos. Total registros: 305
